<?xml version="1.0" encoding="UTF-8"?>
<!-- Generated by org.testng.reporters.JUnitReportReporter -->
<testsuite hostname="VIGNESH" failures="0" tests="3" name="pizzahutscript.PizzaHut" time="39.117" errors="0" timestamp="2024-05-09T14:36:25 IST" skipped="0">
  <testcase classname="pizzahutscript.PizzaHut" name="locationSelection" time="33.076"/>
  <system-out/>
  <testcase classname="pizzahutscript.PizzaHut" name="addCart" time="3.980"/>
  <system-out/>
  <testcase classname="pizzahutscript.PizzaHut" name="checkout" time="2.061"/>
  <system-out/>
</testsuite> <!-- pizzahutscript.PizzaHut -->
