<?xml version="1.0" encoding="UTF-8"?>
<!-- Generated by org.testng.reporters.JUnitReportReporter -->
<testsuite hostname="xtr-in-it0024" failures="0" tests="1" name="pizzahutscript.PizzaHut" time="10.712" errors="0" timestamp="2024-12-24T14:47:54 IST" skipped="0">
  <testcase classname="pizzahutscript.PizzaHut" name="locationSelection" time="10.712"/>
</testsuite> <!-- pizzahutscript.PizzaHut -->
