<?xml version="1.0" encoding="UTF-8"?>
<!-- Generated by org.testng.reporters.JUnitReportReporter -->
<testsuite hostname="VIGNESH" failures="0" tests="3" name="pizzahutscript.PizzaHut" time="38.212" errors="0" timestamp="2024-05-14T19:33:10 IST" skipped="0">
  <testcase classname="pizzahutscript.PizzaHut" name="locationSelection" time="31.388"/>
  <testcase classname="pizzahutscript.PizzaHut" name="addCart" time="2.677"/>
  <testcase classname="pizzahutscript.PizzaHut" name="checkout" time="4.147"/>
</testsuite> <!-- pizzahutscript.PizzaHut -->
